ISim log file
<<<<<<< HEAD
Running: D:\ISE\2018_topic2_student\2018_topic2_student\sim_mips_isim_beh.exe -intstyle ise -gui -tclbatch isim.cmd -wdb D:/ISE/2018_topic2_student/2018_topic2_student/sim_mips_isim_beh.wdb 
=======
Running: F:\Meyas\computer_architecture_lab\2018_topic2_student\sim_mips_isim_beh.exe -intstyle ise -gui -tclbatch isim.cmd -wdb F:/Meyas/computer_architecture_lab/2018_topic2_student/sim_mips_isim_beh.wdb 
>>>>>>> 4e083c137bc8150fcb2cec47a8514ca0fd75706e
ISim P.20131013 (signature 0x7708f090)
This is a Full version of ISim.
Time resolution is 1 ps
# onerror resume
# wave add /
# run 1000 ns
Simulator is doing circuit initialization process.
Finished circuit initialization process.
<<<<<<< HEAD
# run all
=======
# run 1.00us
# restart
# run 1.00us
Simulator is doing circuit initialization process.
Finished circuit initialization process.
# run 1.00us
# run 1.00us
# run 1.00us
# run 1.00us
# run 1.00us
>>>>>>> 4e083c137bc8150fcb2cec47a8514ca0fd75706e
